#
# A fatal error has been detected by the Java Runtime Environment:
#
#  SIGBUS (0x7) at pc=0x00007f486441234d, pid=3736, tid=0x00007f484076f640
#
# JRE version: OpenJDK Runtime Environment (8.0_265-b01) (build 1.8.0_265-b01)
# Java VM: OpenJDK 64-Bit Server VM (25.265-b01 mixed mode linux-amd64 compressed oops)
# Problematic frame:
# C  [libzip.so+0x1234d]  newEntry.isra.4+0x7d
#
# Failed to write core dump. Core dumps have been disabled. To enable core dumping, try "ulimit -c unlimited" before starting Java again
#
# If you would like to submit a bug report, please visit:
#   http://bugreport.java.com/bugreport/crash.jsp
# The crash happened outside the Java Virtual Machine in native code.
# See problematic frame for where to report the bug.
#

---------------  T H R E A D  ---------------

Current thread (0x00007f486049e000):  JavaThread "Broker Client" daemon [_thread_in_native, id=3755, stack(0x00007f4840670000,0x00007f4840770000)]

siginfo: si_signo: 7 (SIGBUS), si_code: 2 (BUS_ADRERR), si_addr: 0x00007f4840783678

Registers:
RAX=0x00007f48002ffaa0, RBX=0x00007f48600e7aa0, RCX=0x0000000000000000, RDX=0x00007f48080008e0
RSP=0x00007f484076cbc0, RBP=0x00007f484076cc20, RSI=0x0000000000000000, RDI=0x0000000000000013
R8 =0x00007f486049e000, R9 =0x000000004d20e350, R10=0x00007f48511f7318, R11=0x000000076e70ec80
R12=0x00007f4864a690a8, R13=0x00007f484078365b, R14=0x00007f48002ffaa0, R15=0x00007f48600e7aa0
RIP=0x00007f486441234d, EFLAGS=0x0000000000010202, CSGSFS=0x002b000000000033, ERR=0x0000000000000004
  TRAPNO=0x000000000000000e

Top of Stack: (sp=0x00007f484076cbc0)
0x00007f484076cbc0:   00007f486049e000 00007f486049ad70
0x00007f484076cbd0:   00007f486049ad70 000000004076cc60
0x00007f484076cbe0:   00007f484076d8b0 00007f486589100e
0x00007f484076cbf0:   000000000000003c 00007f4864a690a0
0x00007f484076cc00:   000000004d20e350 00007f484076cccb
0x00007f484076cc10:   00007f480416aeb0 00007f48600e7aa0
0x00007f484076cc20:   00007f484076cc70 00007f4864413174
0x00007f484076cc30:   00007f484076cc90 0000003c0149e000
0x00007f484076cc40:   00007f484076cc70 000000000000003c
0x00007f484076cc50:   00007f486049e250 00007f484076d0e8
0x00007f484076cc60:   00007f484076d110 0000000000000001
0x00007f484076cc70:   00007f484076d0d0 00007f4864403bdd
0x00007f484076cc80:   00007f484076cc90 00007f48600e7aa0
0x00007f484076cc90:   736f746168727566 612f746e6576652f
0x00007f484076cca0:   412f736e6f697463 7269566e6f697463
0x00007f484076ccb0:   726573556c617574 4224657461647055
0x00007f484076ccc0:   632e7265646c6975 000000007373616c
0x00007f484076ccd0:   00007f4865b206a3 00007f486629cc20
0x00007f484076cce0:   00007f486049ad70 00007f481c011e80
0x00007f484076ccf0:   00007f481c011e90 00007f481c012268
0x00007f484076cd00:   00000000000003d8 00007f486049e000
0x00007f484076cd10:   00007f484307a7b0 00007f486049e000
0x00007f484076cd20:   00000007c00115f0 00007f486608deec
0x00007f484076cd30:   00007f484076d7f8 00007f484076d020
0x00007f484076cd40:   00007f484076ceb0 00007f4865ae6222
0x00007f484076cd50:   00007f484076d300 0000000000000000
0x00007f484076cd60:   00007f4866216300 0000000000000044
0x00007f484076cd70:   00007f484076d7f8 00007f486607604a
0x00007f484076cd80:   00007f48430e9488 00007f4865ae6221
0x00007f484076cd90:   0000003000000000 00007f484076d5d0
0x00007f484076cda0:   00007f484076d4d8 00007f4800000000
0x00007f484076cdb0:   0000000000000d68 00007f484076e420 

Instructions: (pc=0x00007f486441234d)
0x00007f486441232d:   73 48 48 8b 7b 10 b9 a0 00 00 00 49 8b 14 24 e8
0x00007f486441233d:   8f fe ff ff 49 89 c5 4d 85 ed 0f 84 e3 04 00 00
0x00007f486441234d:   45 0f b6 55 1d 41 0f b6 45 1c 45 31 e4 41 0f b6
0x00007f486441235d:   55 0d 41 0f b6 75 0e 45 0f b6 7d 1f 41 c1 e2 08 

Register to memory mapping:

RAX=0x00007f48002ffaa0 is an unknown value
RBX=0x00007f48600e7aa0 is an unknown value
RCX=0x0000000000000000 is an unknown value
RDX=0x00007f48080008e0 is an unknown value
RSP=0x00007f484076cbc0 is pointing into the stack for thread: 0x00007f486049e000
RBP=0x00007f484076cc20 is pointing into the stack for thread: 0x00007f486049e000
RSI=0x0000000000000000 is an unknown value
RDI=0x0000000000000013 is an unknown value
R8 =0x00007f486049e000 is a thread
R9 =0x000000004d20e350 is an unknown value
R10=0x00007f48511f7318 is at entry_point+88 in (nmethod*)0x00007f48511f7150
R11=0x000000076e70ec80 is an oop
